This is pdfTeX, Version 3.14159265-2.6-1.40.16 (TeX Live 2015) (preloaded format=latex 2015.6.24)  17 NOV 2015 14:33
entering extended mode
 restricted \write18 enabled.
 %&-line parsing enabled.
**machine_learning.tex
(./machine_learning.tex
LaTeX2e <2015/01/01>
Babel <3.9l> and hyphenation patterns for 79 languages loaded.
(./iopart.cls
Document Class: iopart 1996/06/10 v0.0 IOP Journals LaTeX article class
(./iopart12.clo
File: iopart12.clo 1997/01/15 v1.0 LaTeX2e file (size option)
)
\c@jnl=\count79
\c@section=\count80
\c@subsection=\count81
\c@subsubsection=\count82
\c@paragraph=\count83
\c@subparagraph=\count84
\c@figure=\count85
\c@table=\count86
\abovecaptionskip=\skip41
\belowcaptionskip=\skip42
\indentedwidth=\skip43
\mathindent=\dimen102
\c@eqnval=\count87
) (./setstack.sty
Package: setstack 
\uproot@=\count88
\leftroot@=\count89
)
(/usr/local/texlive/2015/texmf-dist/tex/latex/graphics/graphicx.sty
Package: graphicx 2014/10/28 v1.0g Enhanced LaTeX Graphics (DPC,SPQR)

(/usr/local/texlive/2015/texmf-dist/tex/latex/graphics/keyval.sty
Package: keyval 2014/10/28 v1.15 key=value parser (DPC)
\KV@toks@=\toks14
)
(/usr/local/texlive/2015/texmf-dist/tex/latex/graphics/graphics.sty
Package: graphics 2014/10/28 v1.0p Standard LaTeX Graphics (DPC,SPQR)

(/usr/local/texlive/2015/texmf-dist/tex/latex/graphics/trig.sty
Package: trig 1999/03/16 v1.09 sin cos tan (DPC)
)
(/usr/local/texlive/2015/texmf-dist/tex/latex/latexconfig/graphics.cfg
File: graphics.cfg 2010/04/23 v1.9 graphics configuration of TeX Live
)
Package graphics Info: Driver file: dvips.def on input line 94.

(/usr/local/texlive/2015/texmf-dist/tex/latex/graphics/dvips.def
File: dvips.def 2014/10/14 v3.0j Driver-dependent file (DPC,SPQR)
))
\Gin@req@height=\dimen103
\Gin@req@width=\dimen104
)
(/usr/local/texlive/2015/texmf-dist/tex/latex/subfig/subfig.sty
Package: subfig 2005/06/28 ver: 1.3 subfig package

(/usr/local/texlive/2015/texmf-dist/tex/latex/caption/caption.sty
Package: caption 2013/05/02 v3.3-89 Customizing captions (AR)

(/usr/local/texlive/2015/texmf-dist/tex/latex/caption/caption3.sty
Package: caption3 2013/05/02 v1.6-88 caption3 kernel (AR)
Package caption3 Info: TeX engine: e-TeX on input line 57.
\captionmargin=\dimen105
\captionmargin@=\dimen106
\captionwidth=\dimen107
\caption@tempdima=\dimen108
\caption@indent=\dimen109
\caption@parindent=\dimen110
\caption@hangindent=\dimen111
Package caption Info: Unknown document class (or package),
(caption)             standard defaults will be used.
)

Package caption Warning: Unsupported document class (or package) detected,
(caption)                usage of the caption package is not recommended.
See the caption package documentation for explanation.

Package caption Info: \@makecaption = \long macro:#1#2->\vskip \abovecaptionski
p \begin {indented} \item []{\bf #1.} #2 \end {indented}\vskip \belowcaptionski
p .
\c@ContinuedFloat=\count90
)
\c@KVtest=\count91
\sf@farskip=\skip44
\sf@captopadj=\dimen112
\sf@capskip=\skip45
\sf@nearskip=\skip46
\c@subfigure=\count92
\c@subfigure@save=\count93
\c@lofdepth=\count94
\c@subtable=\count95
\c@subtable@save=\count96
\c@lotdepth=\count97
\sf@top=\skip47
\sf@bottom=\skip48
) (/usr/local/texlive/2015/texmf-dist/tex/latex/amsmath/amsmath.sty
Package: amsmath 2013/01/14 v2.14 AMS math features
\@mathmargin=\skip49

For additional information on amsmath, use the `?' option.
(/usr/local/texlive/2015/texmf-dist/tex/latex/amsmath/amstext.sty
Package: amstext 2000/06/29 v2.01

(/usr/local/texlive/2015/texmf-dist/tex/latex/amsmath/amsgen.sty
File: amsgen.sty 1999/11/30 v2.0
\@emptytoks=\toks15
\ex@=\dimen113
)
LaTeX Info: Redefining \text on input line 39.
)
(/usr/local/texlive/2015/texmf-dist/tex/latex/amsmath/amsbsy.sty
Package: amsbsy 1999/11/29 v1.2d
\pmbraise@=\dimen114
)
(/usr/local/texlive/2015/texmf-dist/tex/latex/amsmath/amsopn.sty
Package: amsopn 1999/12/14 v2.01 operator names
)
\inf@bad=\count98
LaTeX Info: Redefining \frac on input line 210.


! LaTeX Error: Command \leftroot already defined.
               Or name \end... illegal, see p.192 of the manual.

See the LaTeX manual or LaTeX Companion for explanation.
Type  H <return>  for immediate help.
 ...                                              
                                                  
l.258 ...{\@amsmath@err{\Invalid@@\leftroot}\@eha}
                                                  
? 

! LaTeX Error: Command \uproot already defined.
               Or name \end... illegal, see p.192 of the manual.

See the LaTeX manual or LaTeX Companion for explanation.
Type  H <return>  for immediate help.
 ...                                              
                                                  
l.259 ...t}{\@amsmath@err{\Invalid@@\uproot}\@eha}
                                                  
? 
\uproot@=\count99
\leftroot@=\count100
LaTeX Info: Redefining \overline on input line 306.

! LaTeX Error: Command \boxed already defined.
               Or name \end... illegal, see p.192 of the manual.

See the LaTeX manual or LaTeX Companion for explanation.
Type  H <return>  for immediate help.
 ...                                              
                                                  
l.307 ...\boxed}[1]{\fbox{\m@th$\displaystyle#1$}}
                                                  
? 
\classnum@=\count101
\DOTSCASE@=\count102
LaTeX Info: Redefining \ldots on input line 378.
LaTeX Info: Redefining \dots on input line 381.
LaTeX Info: Redefining \cdots on input line 466.
\Mathstrutbox@=\box26
\strutbox@=\box27
\big@size=\dimen115
LaTeX Font Info:    Redeclaring font encoding OML on input line 566.
LaTeX Font Info:    Redeclaring font encoding OMS on input line 567.

! LaTeX Error: Command \dddot already defined.
               Or name \end... illegal, see p.192 of the manual.

See the LaTeX manual or LaTeX Companion for explanation.
Type  H <return>  for immediate help.
 ...                                              
                                                  
l.570    \hbox{\normalfont ...}\vss}}}}
                                       
? 

! LaTeX Error: Command \ddddot already defined.
               Or name \end... illegal, see p.192 of the manual.

See the LaTeX manual or LaTeX Companion for explanation.
Type  H <return>  for immediate help.
 ...                                              
                                                  
l.573    \hbox{\normalfont....}\vss}}}}
                                       
? 
\macc@depth=\count103

! LaTeX Error: Command \overset already defined.
               Or name \end... illegal, see p.192 of the manual.

See the LaTeX manual or LaTeX Companion for explanation.
Type  H <return>  for immediate help.
 ...                                              
                                                  
l.722 ...inrel@@{\mathop{\kern\z@#2}\limits^{#1}}}
                                                  
? 

! LaTeX Error: Command \underset already defined.
               Or name \end... illegal, see p.192 of the manual.

See the LaTeX manual or LaTeX Companion for explanation.
Type  H <return>  for immediate help.
 ...                                              
                                                  
l.724 ...inrel@@{\mathop{\kern\z@#2}\limits_{#1}}}
                                                  
? 

! LaTeX Error: Command \sideset already defined.
               Or name \end... illegal, see p.192 of the manual.

See the LaTeX manual or LaTeX Companion for explanation.
Type  H <return>  for immediate help.
 ...                                              
                                                  
l.733 }
       
? 

! LaTeX Error: Command \subarray already defined.
               Or name \end... illegal, see p.192 of the manual.

See the LaTeX manual or LaTeX Companion for explanation.
Type  H <return>  for immediate help.
 ...                                              
                                                  
l.806 }
       
? 

! LaTeX Error: Command \substack already defined.
               Or name \end... illegal, see p.192 of the manual.

See the LaTeX manual or LaTeX Companion for explanation.
Type  H <return>  for immediate help.
 ...                                              
                                                  
l.807 ...\substack}[1]{\subarray{c}#1\endsubarray}
                                                  
? 
\c@MaxMatrixCols=\count104
\dotsspace@=\muskip10
\c@parentequation=\count105
\dspbrk@lvl=\count106
\tag@help=\toks16
\row@=\count107
\column@=\count108
\maxfields@=\count109
\andhelp@=\toks17
\eqnshift@=\dimen116
\alignsep@=\dimen117
\tagshift@=\dimen118
\tagwidth@=\dimen119
\totwidth@=\dimen120
\lineht@=\dimen121
\@envbody=\toks18
\multlinegap=\skip50
\multlinetaggap=\skip51
\mathdisplay@stack=\toks19

! LaTeX Error: Command \equation* already defined.
               Or name \end... illegal, see p.192 of the manual.

See the LaTeX manual or LaTeX Companion for explanation.
Type  H <return>  for immediate help.
 ...                                              
                                                  
l.2664 }
        
? 
LaTeX Info: Redefining \[ on input line 2665.
LaTeX Info: Redefining \] on input line 2666.
) (./machine_learning.aux

LaTeX Warning: Label `fig:bidefbcc' multiply defined.


LaTeX Warning: Label `sub@fig:bidefbcc' multiply defined.


LaTeX Warning: Label `fig:cspbcc' multiply defined.


LaTeX Warning: Label `sub@fig:cspbcc' multiply defined.


LaTeX Warning: Label `fig:cnabcc' multiply defined.


LaTeX Warning: Label `sub@fig:cnabcc' multiply defined.

)
\openout1 = `machine_learning.aux'.

LaTeX Font Info:    Checking defaults for OML/cmm/m/it on input line 14.
LaTeX Font Info:    ... okay on input line 14.
LaTeX Font Info:    Checking defaults for T1/cmr/m/n on input line 14.
LaTeX Font Info:    ... okay on input line 14.
LaTeX Font Info:    Checking defaults for OT1/cmr/m/n on input line 14.
LaTeX Font Info:    ... okay on input line 14.
LaTeX Font Info:    Checking defaults for OMS/cmsy/m/n on input line 14.
LaTeX Font Info:    ... okay on input line 14.
LaTeX Font Info:    Checking defaults for OMX/cmex/m/n on input line 14.
LaTeX Font Info:    ... okay on input line 14.
LaTeX Font Info:    Checking defaults for U/cmr/m/n on input line 14.
LaTeX Font Info:    ... okay on input line 14.
Package caption Info: Begin \AtBeginDocument code.
Package caption Info: subfig package v1.3 is loaded.
Package caption Info: End \AtBeginDocument code.
 [1

] [2] [3]
Missing character: There is no √ in font cmr12!
Missing character: There is no ≥ in font cmr12!
Missing character: There is no √ in font cmr12!
Missing character: There is no ° in font cmr12!
 [4]
Missing character: There is no √ in font cmr12!
Missing character: There is no ≥ in font cmr12!
Missing character: There is no √ in font cmr12!
Missing character: There is no ° in font cmr12!
 [5] [6] [7]
! Incomplete \ifcase; all text was ignored after line 127.
<inserted text> 
                \fi 
l.127 \hat
          {p}_{mk} =\frac{1}{N_m} \sum_{x_i \in R_m} I(y_i = k)
? 
! Extra alignment tab has been changed to \cr.
<recently read> \endtemplate 
                             
l.127 \hat
          {p}_{mk} =\frac{1}{N_m} \sum_{x_i \in R_m} I(y_i = k)
? 
! Extra \or.
\@@eqncr ... {& & &}\or \def \reserved@a {& &}\or 
                                                  \def \reserved@a {&}\else ...
l.127 \hat
          {p}_{mk} =\frac{1}{N_m} \sum_{x_i \in R_m} I(y_i = k)
? 
! Extra \else.
\@@eqncr ...@a {& &}\or \def \reserved@a {&}\else 
                                                  \let \reserved@a \@empty \...
l.127 \hat
          {p}_{mk} =\frac{1}{N_m} \sum_{x_i \in R_m} I(y_i = k)
? 

! LaTeX Error: Too many columns in eqnarray environment.

See the LaTeX manual or LaTeX Companion for explanation.
Type  H <return>  for immediate help.
 ...                                              
                                                  
l.127 \hat
          {p}_{mk} =\frac{1}{N_m} \sum_{x_i \in R_m} I(y_i = k)
? 
! Extra \fi.
\@@eqncr ...mns in eqnarray environment}\@ehc \fi 
                                                  \reserved@a \if@eqnsw \@eq...
l.127 \hat
          {p}_{mk} =\frac{1}{N_m} \sum_{x_i \in R_m} I(y_i = k)
? 
! Missing { inserted.
<inserted text> 
                {
l.127 \hat
          {p}_{mk} =\frac{1}{N_m} \sum_{x_i \in R_m} I(y_i = k)
? 

LaTeX Warning: Command \r invalid in math mode on input line 137.


LaTeX Warning: Command \r invalid in math mode on input line 137.

[8]
File: Figures/cropped_feature_gen.eps Graphic file (type eps)
 <Figures/cropped_feature_gen.eps> [9]
File: Figures/featureimportance.eps Graphic file (type eps)
 <Figures/featureimportance.eps>
Underfull \hbox (badness 1215) in paragraph at lines 155--155
[]\OT1/cmr/m/n/12 Figure 2: |Distribution of feature importances calculated dur
ing random forest
 []

[10]
File: Figures/full_PCA.eps Graphic file (type eps)
 <Figures/full_PCA.eps> [11]
File: Figures/surfacePCA.eps Graphic file (type eps)
 <Figures/surfacePCA.eps> [12]
File: Figures/performance.eps Graphic file (type eps)

<Figures/performance.eps>
File: Figures/Variance_RF.eps Graphic file (type eps)
 <Figures/Variance_RF.eps>
File: Figures/Variance_NN.eps Graphic file (type eps)
 <Figures/Variance_NN.eps>

! LaTeX Error: \begin{figure*} on input line 195 ended by \end{figure}.

See the LaTeX manual or LaTeX Companion for explanation.
Type  H <return>  for immediate help.
 ...                                              
                                                  
l.204 \end{figure}
                  
? 
[13]
Underfull \vbox (badness 10000) has occurred while \output is active []

 [14]
Missing character: There is no ‚ in font cmr12!
Missing character: There is no Å in font cmr12!
Missing character: There is no † in font cmr12!

[15]
File: Figures/BCC_300_BiDef.png.eps Graphic file (type eps)
 <Figures/BCC_300_BiDef.png.eps>
File: Figures/BCC_300_CSP.png.eps Graphic file (type eps)
 <Figures/BCC_300_CSP.png.eps>
File: Figures/BCC_300_CNA.png.eps Graphic file (type eps)

<Figures/BCC_300_CNA.png.eps>
File: Figures/BCC_300_STRAIN_BiDef.png.eps Graphic file (type eps)
 <Figures/BCC_300_STRAIN_BiDef.png.eps>
File: Figures/BCC_300_STRAIN_CSP.png.eps Graphic file (type eps)

<Figures/BCC_300_STRAIN_CSP.png.eps>
File: Figures/BCC_300_STRAIN_CNA.png.eps Graphic file (type eps)
 <Figures/BCC_300_STRAIN_CNA.png.eps>
[16]
Missing character: There is no √ in font cmr12!
Missing character: There is no © in font cmr12!
 [17]
File: Figures/bcc_error.eps Graphic file (type eps)
 <Figures/bcc_error.eps>
Underfull \hbox (badness 1354) in paragraph at lines 252--252
[]\OT1/cmr/m/n/12 Figure 9: |Error comparison between CNA and BiDef algorithms 
for different
 []

File: Figures/fcc_error.eps Graphic file (type eps)
<Figures/fcc_error.eps> [18] [19]
File: Figures/fcc_noise_bidef.png.eps Graphic file (type eps)
 <Figures/fcc_noise_bidef.png.eps>
File: Figures/fcc_noise_cna.png.eps Graphic file (type eps)

<Figures/fcc_noise_cna.png.eps>

LaTeX Warning: Command \r invalid in math mode on input line 279.


LaTeX Warning: Command \r invalid in math mode on input line 279.


LaTeX Warning: Command \r invalid in math mode on input line 279.

File: Figures/vacancies_render_bidef.png.eps Graphic file (type eps)
<Figures/vacancies_render_bidef.png.eps>
File: Figures/vacancies_render_csp.png.eps Graphic file (type eps)

<Figures/vacancies_render_csp.png.eps>
File: Figures/vacancies_render_cna.png.eps Graphic file (type eps)
 <Figures/vacancies_render_cna.png.eps>
[20] [21] [22]
File: Figures/vacancy_error.eps Graphic file (type eps)
 <Figures/vacancy_error.eps>
File: Figures/bidef_bcc_fcc.png.eps Graphic file (type eps)
 <Figures/bidef_bcc_fcc.png.eps>
File: Figures/cna_fcc_bcc.png.eps Graphic file (type eps)

<Figures/cna_fcc_bcc.png.eps> [23] [24]

LaTeX Warning: Command \r invalid in math mode on input line 328.

[25]
File: Figures/FCC_FULL_BiDef.png.eps Graphic file (type eps)
 <Figures/FCC_FULL_BiDef.png.eps>
File: Figures/BCC_FULL_BiDef.png.eps Graphic file (type eps)
 <Figures/BCC_FULL_BiDef.png.eps>

LaTeX Warning: Command \r invalid in math mode on input line 356.


LaTeX Warning: Command \r invalid in math mode on input line 356.


LaTeX Warning: Command \r invalid in math mode on input line 356.

[26]

LaTeX Warning: Command \r invalid in math mode on input line 358.

(./machine_learning.bbl
Underfull \hbox (badness 1888) in paragraph at lines 4--8
\OT1/cmr/m/n/10 Potentials : The Accuracy of Quantum Mechanics , without the El
ectrons.  \OT1/cmr/m/it/10 PRL\OT1/cmr/m/n/10 ,
 []


Underfull \hbox (badness 1590) in paragraph at lines 10--13
[]\OT1/cmr/m/n/10 Albert Bart^^Sok-P^^Sartay.  \OT1/cmr/m/it/10 The Gaussian Ap
proximation Potential\OT1/cmr/m/n/10 .  Springer-Verlag, Berlin,
 []

Missing character: There is no Ã in font cmr10!
Missing character: There is no Å in font cmr10!
LaTeX Font Info:    Try loading font information for OMS+cmr on input line 68.
(/usr/local/texlive/2015/texmf-dist/tex/latex/base/omscmr.fd
File: omscmr.fd 2014/09/29 v2.5h Standard LaTeX font definitions
)
LaTeX Font Info:    Font shape `OMS/cmr/m/n' in size <10> not available
(Font)              Font shape `OMS/cmsy/m/n' tried instead on input line 68.
 [27]
Missing character: There is no ≈ in font cmr10!
Missing character: There is no ´ in font cmr10!
Missing character: There is no ‚ in font cmr10!
Missing character: There is no Ä in font cmr10!
Missing character: There is no ì in font cmr10!

! Undefined control sequence.
l.108 \newblock {\em \prb
                         }, 28:784--805, July 1983.
? 
Missing character: There is no ‚ in font cmr10!
Missing character: There is no Ä in font cmr10!
Missing character: There is no ì in font cmr10!
Missing character: There is no « in font cmr10!
Missing character: There is no ß in font cmr10!
Missing character: There is no ƒ in font cmr10!
Missing character: There is no ± in font cmr10!
) [28] (./machine_learning.aux)

LaTeX Warning: There were multiply-defined labels.

 ) 
Here is how much of TeX's memory you used:
 2772 strings out of 493090
 38816 string characters out of 6134874
 107047 words of memory out of 5000000
 6243 multiletter control sequences out of 15000+600000
 10826 words of font info for 39 fonts, out of 8000000 for 9000
 1141 hyphenation exceptions out of 8191
 44i,12n,47p,2534b,454s stack positions out of 5000i,500n,10000p,200000b,80000s

Output written on machine_learning.dvi (28 pages, 93440 bytes).
